0 info it worked if it ends with ok
1 verbose cli [ '/usr/local/bin/node', '/usr/local/bin/npm', 'run', 'babel' ]
2 info using npm@3.9.3
3 info using node@v6.2.1
4 verbose run-script [ 'prebabel', 'babel', 'postbabel' ]
5 info lifecycle voting-server@1.0.0~prebabel: voting-server@1.0.0
6 silly lifecycle voting-server@1.0.0~prebabel: no script for prebabel, continuing
7 info lifecycle voting-server@1.0.0~babel: voting-server@1.0.0
8 verbose lifecycle voting-server@1.0.0~babel: unsafe-perm in lifecycle true
9 verbose lifecycle voting-server@1.0.0~babel: PATH: /usr/local/lib/node_modules/npm/bin/node-gyp-bin:/Users/tmrovsky/dev/voting-app/voting-server/node_modules/.bin:/usr/local/bin:/Library/Frameworks/Python.framework/Versions/2.7/bin:/usr/local/share/npm/lib/node_modules/grunt-cli/bin:/usr/local/bin:/usr/bin:/bin:/usr/sbin:/sbin:/opt/X11/bin:/usr/local/git/bin
10 verbose lifecycle voting-server@1.0.0~babel: CWD: /Users/tmrovsky/dev/voting-app/voting-server
11 silly lifecycle voting-server@1.0.0~babel: Args: [ '-c', 'npm run babel-node' ]
12 silly lifecycle voting-server@1.0.0~babel: Returned: code: 1  signal: null
13 info lifecycle voting-server@1.0.0~babel: Failed to exec babel script
14 verbose stack Error: voting-server@1.0.0 babel: `npm run babel-node`
14 verbose stack Exit status 1
14 verbose stack     at EventEmitter.<anonymous> (/usr/local/lib/node_modules/npm/lib/utils/lifecycle.js:245:16)
14 verbose stack     at emitTwo (events.js:106:13)
14 verbose stack     at EventEmitter.emit (events.js:191:7)
14 verbose stack     at ChildProcess.<anonymous> (/usr/local/lib/node_modules/npm/lib/utils/spawn.js:24:14)
14 verbose stack     at emitTwo (events.js:106:13)
14 verbose stack     at ChildProcess.emit (events.js:191:7)
14 verbose stack     at maybeClose (internal/child_process.js:852:16)
14 verbose stack     at Process.ChildProcess._handle.onexit (internal/child_process.js:215:5)
15 verbose pkgid voting-server@1.0.0
16 verbose cwd /Users/tmrovsky/dev/voting-app/voting-server
17 error Darwin 15.3.0
18 error argv "/usr/local/bin/node" "/usr/local/bin/npm" "run" "babel"
19 error node v6.2.1
20 error npm  v3.9.3
21 error code ELIFECYCLE
22 error voting-server@1.0.0 babel: `npm run babel-node`
22 error Exit status 1
23 error Failed at the voting-server@1.0.0 babel script 'npm run babel-node'.
23 error Make sure you have the latest version of node.js and npm installed.
23 error If you do, this is most likely a problem with the voting-server package,
23 error not with npm itself.
23 error Tell the author that this fails on your system:
23 error     npm run babel-node
23 error You can get information on how to open an issue for this project with:
23 error     npm bugs voting-server
23 error Or if that isn't available, you can get their info via:
23 error     npm owner ls voting-server
23 error There is likely additional logging output above.
24 verbose exit [ 1, true ]
